<?xml version="1.0" encoding="UTF-8"?>
<!-- Generated by org.testng.reporters.JUnitReportReporter -->
<testsuite hostname="SIYABONGAM" name="GlobalK.HomePage" tests="2" failures="0" timestamp="27 Aug 2018 09:14:38 GMT" time="6.546" errors="0">
  <testcase name="basePageNavigation" time="3.455" classname="GlobalK.HomePage"/>
  <testcase name="basePageNavigation" time="3.091" classname="GlobalK.HomePage"/>
</testsuite> <!-- GlobalK.HomePage -->
