<?xml version="1.0" encoding="UTF-8"?>
<!-- Generated by org.testng.reporters.JUnitReportReporter -->
<testsuite hostname="SIYABONGAM" name="GlobalK.LoginAccount" tests="2" failures="0" timestamp="27 Aug 2018 15:35:27 GMT" time="5.868" errors="0">
  <testcase name="basePageNavigation" time="3.003" classname="GlobalK.LoginAccount"/>
  <testcase name="basePageNavigation" time="2.865" classname="GlobalK.LoginAccount"/>
</testsuite> <!-- GlobalK.LoginAccount -->
