<?xml version="1.0" encoding="UTF-8"?>
<!-- Generated by org.testng.reporters.JUnitReportReporter -->
<testsuite hostname="SIYABONGAM" name="GlobalK.HomePage" tests="1" failures="0" timestamp="22 Aug 2018 15:52:49 GMT" time="5.895" errors="0">
  <testcase name="basePageNavigation" time="5.895" classname="GlobalK.HomePage"/>
</testsuite> <!-- GlobalK.HomePage -->
